  TextEntity.cpp
c:\users\death\desktop\nyp sp\sp3\gr-framework\nyp_framework\common\source\mymath.h(265): warning C4018: '<' : signed/unsigned mismatch
c:\users\death\desktop\nyp sp\sp3\gr-framework\nyp_framework\common\source\mymath.h(284): warning C4244: 'return' : conversion from 'unsigned __int64' to 'int', possible loss of data
c:\users\death\desktop\nyp sp\sp3\gr-framework\nyp_framework\common\source\mymath.h(300): warning C4244: 'return' : conversion from 'unsigned __int64' to 'int', possible loss of data
c:\users\death\desktop\nyp sp\sp3\gr-framework\nyp_framework\common\source\mymath.h(347): warning C4018: '<=' : signed/unsigned mismatch
c:\users\death\desktop\nyp sp\sp3\gr-framework\nyp_framework\common\source\mymath.h(369): warning C4244: 'return' : conversion from 'double' to 'int', possible loss of data
c:\users\death\desktop\nyp sp\sp3\gr-framework\nyp_framework\common\source\mymath.h(389): warning C4018: '<=' : signed/unsigned mismatch
  SpriteEntity.cpp
c:\users\death\desktop\nyp sp\sp3\gr-framework\nyp_framework\common\source\mymath.h(265): warning C4018: '<' : signed/unsigned mismatch
c:\users\death\desktop\nyp sp\sp3\gr-framework\nyp_framework\common\source\mymath.h(284): warning C4244: 'return' : conversion from 'unsigned __int64' to 'int', possible loss of data
c:\users\death\desktop\nyp sp\sp3\gr-framework\nyp_framework\common\source\mymath.h(300): warning C4244: 'return' : conversion from 'unsigned __int64' to 'int', possible loss of data
c:\users\death\desktop\nyp sp\sp3\gr-framework\nyp_framework\common\source\mymath.h(347): warning C4018: '<=' : signed/unsigned mismatch
c:\users\death\desktop\nyp sp\sp3\gr-framework\nyp_framework\common\source\mymath.h(369): warning C4244: 'return' : conversion from 'double' to 'int', possible loss of data
c:\users\death\desktop\nyp sp\sp3\gr-framework\nyp_framework\common\source\mymath.h(389): warning C4018: '<=' : signed/unsigned mismatch
  SkyBoxEntity.cpp
c:\users\death\desktop\nyp sp\sp3\gr-framework\nyp_framework\common\source\mymath.h(265): warning C4018: '<' : signed/unsigned mismatch
c:\users\death\desktop\nyp sp\sp3\gr-framework\nyp_framework\common\source\mymath.h(284): warning C4244: 'return' : conversion from 'unsigned __int64' to 'int', possible loss of data
c:\users\death\desktop\nyp sp\sp3\gr-framework\nyp_framework\common\source\mymath.h(300): warning C4244: 'return' : conversion from 'unsigned __int64' to 'int', possible loss of data
c:\users\death\desktop\nyp sp\sp3\gr-framework\nyp_framework\common\source\mymath.h(347): warning C4018: '<=' : signed/unsigned mismatch
c:\users\death\desktop\nyp sp\sp3\gr-framework\nyp_framework\common\source\mymath.h(369): warning C4244: 'return' : conversion from 'double' to 'int', possible loss of data
c:\users\death\desktop\nyp sp\sp3\gr-framework\nyp_framework\common\source\mymath.h(389): warning C4018: '<=' : signed/unsigned mismatch
  SceneText.cpp
c:\users\death\desktop\nyp sp\sp3\gr-framework\nyp_framework\common\source\mymath.h(265): warning C4018: '<' : signed/unsigned mismatch
c:\users\death\desktop\nyp sp\sp3\gr-framework\nyp_framework\common\source\mymath.h(284): warning C4244: 'return' : conversion from 'unsigned __int64' to 'int', possible loss of data
c:\users\death\desktop\nyp sp\sp3\gr-framework\nyp_framework\common\source\mymath.h(300): warning C4244: 'return' : conversion from 'unsigned __int64' to 'int', possible loss of data
c:\users\death\desktop\nyp sp\sp3\gr-framework\nyp_framework\common\source\mymath.h(347): warning C4018: '<=' : signed/unsigned mismatch
c:\users\death\desktop\nyp sp\sp3\gr-framework\nyp_framework\common\source\mymath.h(369): warning C4244: 'return' : conversion from 'double' to 'int', possible loss of data
c:\users\death\desktop\nyp sp\sp3\gr-framework\nyp_framework\common\source\mymath.h(389): warning C4018: '<=' : signed/unsigned mismatch
c:\users\death\desktop\nyp sp\sp3\gr-framework\nyp_framework\base\source\scenetext.cpp(155): warning C4101: 'a' : unreferenced local variable
c:\users\death\desktop\nyp sp\sp3\gr-framework\nyp_framework\base\source\scenetext.cpp(211): warning C4244: 'argument' : conversion from 'double' to 'const float', possible loss of data
  PlayerInfo.cpp
c:\users\death\desktop\nyp sp\sp3\gr-framework\nyp_framework\common\source\mymath.h(265): warning C4018: '<' : signed/unsigned mismatch
c:\users\death\desktop\nyp sp\sp3\gr-framework\nyp_framework\common\source\mymath.h(284): warning C4244: 'return' : conversion from 'unsigned __int64' to 'int', possible loss of data
c:\users\death\desktop\nyp sp\sp3\gr-framework\nyp_framework\common\source\mymath.h(300): warning C4244: 'return' : conversion from 'unsigned __int64' to 'int', possible loss of data
c:\users\death\desktop\nyp sp\sp3\gr-framework\nyp_framework\common\source\mymath.h(347): warning C4018: '<=' : signed/unsigned mismatch
c:\users\death\desktop\nyp sp\sp3\gr-framework\nyp_framework\common\source\mymath.h(369): warning C4244: 'return' : conversion from 'double' to 'int', possible loss of data
c:\users\death\desktop\nyp sp\sp3\gr-framework\nyp_framework\common\source\mymath.h(389): warning C4018: '<=' : signed/unsigned mismatch
  OBJMesh.cpp
c:\users\death\desktop\nyp sp\sp3\gr-framework\nyp_framework\common\source\mymath.h(265): warning C4018: '<' : signed/unsigned mismatch
c:\users\death\desktop\nyp sp\sp3\gr-framework\nyp_framework\common\source\mymath.h(284): warning C4244: 'return' : conversion from 'unsigned __int64' to 'int', possible loss of data
c:\users\death\desktop\nyp sp\sp3\gr-framework\nyp_framework\common\source\mymath.h(300): warning C4244: 'return' : conversion from 'unsigned __int64' to 'int', possible loss of data
c:\users\death\desktop\nyp sp\sp3\gr-framework\nyp_framework\common\source\mymath.h(347): warning C4018: '<=' : signed/unsigned mismatch
c:\users\death\desktop\nyp sp\sp3\gr-framework\nyp_framework\common\source\mymath.h(369): warning C4244: 'return' : conversion from 'double' to 'int', possible loss of data
c:\users\death\desktop\nyp sp\sp3\gr-framework\nyp_framework\common\source\mymath.h(389): warning C4018: '<=' : signed/unsigned mismatch
  main.cpp
  Light.cpp
c:\users\death\desktop\nyp sp\sp3\gr-framework\nyp_framework\common\source\mymath.h(265): warning C4018: '<' : signed/unsigned mismatch
c:\users\death\desktop\nyp sp\sp3\gr-framework\nyp_framework\common\source\mymath.h(284): warning C4244: 'return' : conversion from 'unsigned __int64' to 'int', possible loss of data
c:\users\death\desktop\nyp sp\sp3\gr-framework\nyp_framework\common\source\mymath.h(300): warning C4244: 'return' : conversion from 'unsigned __int64' to 'int', possible loss of data
c:\users\death\desktop\nyp sp\sp3\gr-framework\nyp_framework\common\source\mymath.h(347): warning C4018: '<=' : signed/unsigned mismatch
c:\users\death\desktop\nyp sp\sp3\gr-framework\nyp_framework\common\source\mymath.h(369): warning C4244: 'return' : conversion from 'double' to 'int', possible loss of data
c:\users\death\desktop\nyp sp\sp3\gr-framework\nyp_framework\common\source\mymath.h(389): warning C4018: '<=' : signed/unsigned mismatch
  Mouse.cpp
c:\users\death\desktop\nyp sp\sp3\gr-framework\nyp_framework\common\source\mymath.h(265): warning C4018: '<' : signed/unsigned mismatch
c:\users\death\desktop\nyp sp\sp3\gr-framework\nyp_framework\common\source\mymath.h(284): warning C4244: 'return' : conversion from 'unsigned __int64' to 'int', possible loss of data
c:\users\death\desktop\nyp sp\sp3\gr-framework\nyp_framework\common\source\mymath.h(300): warning C4244: 'return' : conversion from 'unsigned __int64' to 'int', possible loss of data
c:\users\death\desktop\nyp sp\sp3\gr-framework\nyp_framework\common\source\mymath.h(347): warning C4018: '<=' : signed/unsigned mismatch
c:\users\death\desktop\nyp sp\sp3\gr-framework\nyp_framework\common\source\mymath.h(369): warning C4244: 'return' : conversion from 'double' to 'int', possible loss of data
c:\users\death\desktop\nyp sp\sp3\gr-framework\nyp_framework\common\source\mymath.h(389): warning C4018: '<=' : signed/unsigned mismatch
  Keyboard.cpp
c:\users\death\desktop\nyp sp\sp3\gr-framework\nyp_framework\common\source\mymath.h(265): warning C4018: '<' : signed/unsigned mismatch
c:\users\death\desktop\nyp sp\sp3\gr-framework\nyp_framework\common\source\mymath.h(284): warning C4244: 'return' : conversion from 'unsigned __int64' to 'int', possible loss of data
c:\users\death\desktop\nyp sp\sp3\gr-framework\nyp_framework\common\source\mymath.h(300): warning C4244: 'return' : conversion from 'unsigned __int64' to 'int', possible loss of data
c:\users\death\desktop\nyp sp\sp3\gr-framework\nyp_framework\common\source\mymath.h(347): warning C4018: '<=' : signed/unsigned mismatch
c:\users\death\desktop\nyp sp\sp3\gr-framework\nyp_framework\common\source\mymath.h(369): warning C4244: 'return' : conversion from 'double' to 'int', possible loss of data
c:\users\death\desktop\nyp sp\sp3\gr-framework\nyp_framework\common\source\mymath.h(389): warning C4018: '<=' : signed/unsigned mismatch
  Controller.cpp
c:\users\death\desktop\nyp sp\sp3\gr-framework\nyp_framework\common\source\mymath.h(265): warning C4018: '<' : signed/unsigned mismatch
c:\users\death\desktop\nyp sp\sp3\gr-framework\nyp_framework\common\source\mymath.h(284): warning C4244: 'return' : conversion from 'unsigned __int64' to 'int', possible loss of data
c:\users\death\desktop\nyp sp\sp3\gr-framework\nyp_framework\common\source\mymath.h(300): warning C4244: 'return' : conversion from 'unsigned __int64' to 'int', possible loss of data
c:\users\death\desktop\nyp sp\sp3\gr-framework\nyp_framework\common\source\mymath.h(347): warning C4018: '<=' : signed/unsigned mismatch
c:\users\death\desktop\nyp sp\sp3\gr-framework\nyp_framework\common\source\mymath.h(369): warning C4244: 'return' : conversion from 'double' to 'int', possible loss of data
c:\users\death\desktop\nyp sp\sp3\gr-framework\nyp_framework\common\source\mymath.h(389): warning C4018: '<=' : signed/unsigned mismatch
c:\users\death\desktop\nyp sp\sp3\gr-framework\nyp_framework\base\source\hardwareabstraction\controller.cpp(36): warning C4114: same type qualifier used more than once
  GroundEntity.cpp
c:\users\death\desktop\nyp sp\sp3\gr-framework\nyp_framework\common\source\mymath.h(265): warning C4018: '<' : signed/unsigned mismatch
c:\users\death\desktop\nyp sp\sp3\gr-framework\nyp_framework\common\source\mymath.h(284): warning C4244: 'return' : conversion from 'unsigned __int64' to 'int', possible loss of data
c:\users\death\desktop\nyp sp\sp3\gr-framework\nyp_framework\common\source\mymath.h(300): warning C4244: 'return' : conversion from 'unsigned __int64' to 'int', possible loss of data
c:\users\death\desktop\nyp sp\sp3\gr-framework\nyp_framework\common\source\mymath.h(347): warning C4018: '<=' : signed/unsigned mismatch
c:\users\death\desktop\nyp sp\sp3\gr-framework\nyp_framework\common\source\mymath.h(369): warning C4244: 'return' : conversion from 'double' to 'int', possible loss of data
c:\users\death\desktop\nyp sp\sp3\gr-framework\nyp_framework\common\source\mymath.h(389): warning C4018: '<=' : signed/unsigned mismatch
  GenericEntity.cpp
c:\users\death\desktop\nyp sp\sp3\gr-framework\nyp_framework\common\source\mymath.h(265): warning C4018: '<' : signed/unsigned mismatch
c:\users\death\desktop\nyp sp\sp3\gr-framework\nyp_framework\common\source\mymath.h(284): warning C4244: 'return' : conversion from 'unsigned __int64' to 'int', possible loss of data
c:\users\death\desktop\nyp sp\sp3\gr-framework\nyp_framework\common\source\mymath.h(300): warning C4244: 'return' : conversion from 'unsigned __int64' to 'int', possible loss of data
c:\users\death\desktop\nyp sp\sp3\gr-framework\nyp_framework\common\source\mymath.h(347): warning C4018: '<=' : signed/unsigned mismatch
c:\users\death\desktop\nyp sp\sp3\gr-framework\nyp_framework\common\source\mymath.h(369): warning C4244: 'return' : conversion from 'double' to 'int', possible loss of data
c:\users\death\desktop\nyp sp\sp3\gr-framework\nyp_framework\common\source\mymath.h(389): warning C4018: '<=' : signed/unsigned mismatch
  FPSCamera.cpp
c:\users\death\desktop\nyp sp\sp3\gr-framework\nyp_framework\common\source\mymath.h(265): warning C4018: '<' : signed/unsigned mismatch
c:\users\death\desktop\nyp sp\sp3\gr-framework\nyp_framework\common\source\mymath.h(284): warning C4244: 'return' : conversion from 'unsigned __int64' to 'int', possible loss of data
c:\users\death\desktop\nyp sp\sp3\gr-framework\nyp_framework\common\source\mymath.h(300): warning C4244: 'return' : conversion from 'unsigned __int64' to 'int', possible loss of data
c:\users\death\desktop\nyp sp\sp3\gr-framework\nyp_framework\common\source\mymath.h(347): warning C4018: '<=' : signed/unsigned mismatch
c:\users\death\desktop\nyp sp\sp3\gr-framework\nyp_framework\common\source\mymath.h(369): warning C4244: 'return' : conversion from 'double' to 'int', possible loss of data
c:\users\death\desktop\nyp sp\sp3\gr-framework\nyp_framework\common\source\mymath.h(389): warning C4018: '<=' : signed/unsigned mismatch
  EntityManager.cpp
c:\users\death\desktop\nyp sp\sp3\gr-framework\nyp_framework\common\source\mymath.h(265): warning C4018: '<' : signed/unsigned mismatch
c:\users\death\desktop\nyp sp\sp3\gr-framework\nyp_framework\common\source\mymath.h(284): warning C4244: 'return' : conversion from 'unsigned __int64' to 'int', possible loss of data
c:\users\death\desktop\nyp sp\sp3\gr-framework\nyp_framework\common\source\mymath.h(300): warning C4244: 'return' : conversion from 'unsigned __int64' to 'int', possible loss of data
c:\users\death\desktop\nyp sp\sp3\gr-framework\nyp_framework\common\source\mymath.h(347): warning C4018: '<=' : signed/unsigned mismatch
c:\users\death\desktop\nyp sp\sp3\gr-framework\nyp_framework\common\source\mymath.h(369): warning C4244: 'return' : conversion from 'double' to 'int', possible loss of data
c:\users\death\desktop\nyp sp\sp3\gr-framework\nyp_framework\common\source\mymath.h(389): warning C4018: '<=' : signed/unsigned mismatch
  CollisionManager.cpp
c:\users\death\desktop\nyp sp\sp3\gr-framework\nyp_framework\common\source\mymath.h(265): warning C4018: '<' : signed/unsigned mismatch
c:\users\death\desktop\nyp sp\sp3\gr-framework\nyp_framework\common\source\mymath.h(284): warning C4244: 'return' : conversion from 'unsigned __int64' to 'int', possible loss of data
c:\users\death\desktop\nyp sp\sp3\gr-framework\nyp_framework\common\source\mymath.h(300): warning C4244: 'return' : conversion from 'unsigned __int64' to 'int', possible loss of data
c:\users\death\desktop\nyp sp\sp3\gr-framework\nyp_framework\common\source\mymath.h(347): warning C4018: '<=' : signed/unsigned mismatch
c:\users\death\desktop\nyp sp\sp3\gr-framework\nyp_framework\common\source\mymath.h(369): warning C4244: 'return' : conversion from 'double' to 'int', possible loss of data
c:\users\death\desktop\nyp sp\sp3\gr-framework\nyp_framework\common\source\mymath.h(389): warning C4018: '<=' : signed/unsigned mismatch
  Application.cpp
c:\users\death\desktop\nyp sp\sp3\gr-framework\nyp_framework\common\source\mymath.h(265): warning C4018: '<' : signed/unsigned mismatch
c:\users\death\desktop\nyp sp\sp3\gr-framework\nyp_framework\common\source\mymath.h(284): warning C4244: 'return' : conversion from 'unsigned __int64' to 'int', possible loss of data
c:\users\death\desktop\nyp sp\sp3\gr-framework\nyp_framework\common\source\mymath.h(300): warning C4244: 'return' : conversion from 'unsigned __int64' to 'int', possible loss of data
c:\users\death\desktop\nyp sp\sp3\gr-framework\nyp_framework\common\source\mymath.h(347): warning C4018: '<=' : signed/unsigned mismatch
c:\users\death\desktop\nyp sp\sp3\gr-framework\nyp_framework\common\source\mymath.h(369): warning C4244: 'return' : conversion from 'double' to 'int', possible loss of data
c:\users\death\desktop\nyp sp\sp3\gr-framework\nyp_framework\common\source\mymath.h(389): warning C4018: '<=' : signed/unsigned mismatch
  Generating Code...
c:\users\death\desktop\nyp sp\sp3\gr-framework\nyp_framework\base\source\hardwareabstraction\keyboard.cpp(52): warning C4715: 'Keyboard::Read' : not all control paths return a value
Application.obj : warning LNK4075: ignoring '/EDITANDCONTINUE' due to '/OPT:LBR' specification
LINK : warning LNK4098: defaultlib 'MSVCRT' conflicts with use of other libs; use /NODEFAULTLIB:library
  Base.vcxproj -> C:\Users\death\Desktop\NYP SP\SP3\GR-Framework\NYP_Framework\Debug\Base.exe
